2024-07-10T21:37:26.801Z 0: 

----------------------------------------------
2024-07-10T21:37:26.809Z 1: Discord starting: {"releaseChannel":"stable","version":"0.0.59"}, modulepath: /home/oshiido/.config/discord/0.0.59/modules
2024-07-10T21:37:26.810Z 2: ✅ webContents.created web1 ""
2024-07-10T21:37:26.811Z 3: ✅ window.created win1 "discord"
2024-07-10T21:37:26.910Z 4: ✅ webContents.did-finish-load web1
2024-07-10T21:37:30.059Z 5: ✅ webContents.created web2 ""
2024-07-10T21:37:30.401Z 6: ✅ window.created win2 "Discord"
2024-07-10T21:37:31.219Z 7: ✅ webContents.did-finish-load web2
2024-07-10T21:37:31.318Z 8: window.close win1
2024-07-10T21:37:31.321Z 9: webContents.destroyed web1
2024-07-10T21:37:31.322Z 10: window.closed win1
2024-07-10T21:40:17.232Z 0: 

----------------------------------------------
2024-07-10T21:40:17.236Z 1: Discord starting: {"releaseChannel":"stable","version":"0.0.59"}, modulepath: /home/oshiido/.config/discord/0.0.59/modules
2024-07-10T21:40:17.243Z 2: ✅ webContents.created web1 ""
2024-07-10T21:40:17.243Z 3: ✅ window.created win1 "discord"
2024-07-10T21:40:17.354Z 4: ✅ webContents.did-finish-load web1
2024-07-10T21:40:17.593Z 5: ✅ webContents.created web2 ""
2024-07-10T21:40:17.594Z 6: ✅ window.created win2 "Discord"
2024-07-10T21:40:18.788Z 7: ✅ webContents.did-finish-load web2
2024-07-10T21:40:18.888Z 8: window.close win1
2024-07-10T21:40:18.890Z 9: webContents.destroyed web1
2024-07-10T21:40:18.891Z 10: window.closed win1
2024-07-10T21:40:43.914Z 11: window.close win2
2024-07-10T21:41:01.915Z 12: before-quit
2024-07-10T21:41:01.917Z 13: window.close win2
2024-07-10T21:41:01.956Z 14: webContents.destroyed web2
2024-07-10T21:45:19.076Z 0: 

----------------------------------------------
2024-07-10T21:45:19.081Z 1: Discord starting: {"releaseChannel":"stable","version":"0.0.59"}, modulepath: /home/oshiido/.config/discord/0.0.59/modules
2024-07-10T21:45:19.087Z 2: ✅ webContents.created web1 ""
2024-07-10T21:45:19.088Z 3: ✅ window.created win1 "discord"
2024-07-10T21:45:19.214Z 4: ✅ webContents.did-finish-load web1
2024-07-10T21:45:19.444Z 5: ✅ webContents.created web2 ""
2024-07-10T21:45:19.446Z 6: ✅ window.created win2 "Discord"
2024-07-10T21:45:20.602Z 7: ✅ webContents.did-finish-load web2
2024-07-10T21:45:20.701Z 8: window.close win1
2024-07-10T21:45:20.720Z 9: webContents.destroyed web1
2024-07-10T21:45:20.721Z 10: window.closed win1
2024-07-10T21:45:21.171Z 11: ✅ webContents.did-finish-load web2
2024-07-10T21:45:38.129Z 12: window.close win2
2024-07-10T21:45:39.694Z 13: before-quit
2024-07-10T21:45:39.695Z 14: window.close win2
2024-07-10T21:45:39.697Z 15: webContents.destroyed web2
2024-07-10T21:45:39.700Z 16: window.closed win2
